In file included from ../ext/bson.cc:14:0:
/home/vagrant/.node-gyp/4.2.3/include/node/v8.h:336:1: error: expected unqualified-id before 'using'
/home/vagrant/.node-gyp/4.2.3/include/node/v8.h:469:1: error: expected unqualified-id before 'using'
/home/vagrant/.node-gyp/4.2.3/include/node/v8.h:852:1: error: expected unqualified-id before 'using'
In file included from ../node_modules/nan/nan.h:82:0,
                 from ../ext/bson.h:17,
                 from ../ext/bson.cc:36:
../node_modules/nan/nan_new.h:24:43: error: template declaration of 'v8::Local<T> NanIntern::To'
../node_modules/nan/nan_new.h:24:39: error: 'Handle' is not a member of 'v8'
../node_modules/nan/nan_new.h:24:61: error: expected primary-expression before '>' token
../node_modules/nan/nan_new.h:24:63: error: 'i' was not declared in this scope
../node_modules/nan/nan_new.h:29:3: error: expected initializer before '<' token
../node_modules/nan/nan_new.h:34:3: error: expected initializer before '<' token
../node_modules/nan/nan_new.h:39:3: error: expected initializer before '<' token
../node_modules/nan/nan_new.h:66:12: error: 'v8::Handle' has not been declared
../node_modules/nan/nan_new.h:66:18: error: expected ',' or '...' before '<' token
../node_modules/nan/nan_new.h:65:3: error: default argument missing for parameter 2 of 'static NanIntern::FactoryBase<v8::Context>::return_t NanIntern::Factory<v8::Context>::New(v8::ExtensionConfiguration*, int)'
../node_modules/nan/nan_new.h:85:12: error: 'v8::Handle' has not been declared
../node_modules/nan/nan_new.h:85:18: error: expected ',' or '...' before '<' token
../node_modules/nan/nan_new.h:93:12: error: 'v8::Handle' has not been declared
../node_modules/nan/nan_new.h:93:18: error: expected ',' or '...' before '<' token
../node_modules/nan/nan_new.h:92:3: error: default argument missing for parameter 2 of 'static NanIntern::FactoryBase<v8::FunctionTemplate>::return_t NanIntern::Factory<v8::FunctionTemplate>::New(NanFunctionCallback, int)'
../node_modules/nan/nan_new.h:139:11: error: 'v8::Handle' has not been declared
../node_modules/nan/nan_new.h:139:17: error: expected ',' or '...' before '<' token
../node_modules/nan/nan_new.h:151:11: error: 'Handle' in namespace 'v8' does not name a type
../node_modules/nan/nan_new.h:152:30: error: 'FTH' has not been declared
../node_modules/nan/nan_new.h:152:49: error: 'FTH' was not declared in this scope
../node_modules/nan/nan_new.h:171:34: error: 'v8::Handle' has not been declared
../node_modules/nan/nan_new.h:171:40: error: expected ',' or '...' before '<' token
In file included from ../node_modules/nan/nan_new.h:189:0,
                 from ../node_modules/nan/nan.h:82,
                 from ../ext/bson.h:17,
                 from ../ext/bson.cc:36:
../node_modules/nan/nan_implementation_12_inl.h:56:32: error: 'v8::Handle' has not been declared
../node_modules/nan/nan_implementation_12_inl.h:56:38: error: expected ',' or '...' before '<' token
../node_modules/nan/nan_implementation_12_inl.h: In static member function 'static NanIntern::FactoryBase<v8::Context>::return_t NanIntern::Factory<v8::Context>::New(v8::ExtensionConfiguration*, int)':
../node_modules/nan/nan_implementation_12_inl.h:58:66: error: 'tmpl' was not declared in this scope
../node_modules/nan/nan_implementation_12_inl.h:58:72: error: 'obj' was not declared in this scope
../node_modules/nan/nan_implementation_12_inl.h: At global scope:
../node_modules/nan/nan_implementation_12_inl.h:79:33: error: 'v8::Handle' has not been declared
../node_modules/nan/nan_implementation_12_inl.h:79:39: error: expected ',' or '...' before '<' token
../node_modules/nan/nan_implementation_12_inl.h: In static member function 'static NanIntern::FactoryBase<v8::Function>::return_t NanIntern::Factory<v8::Function>::New(NanFunctionCallback, int)':
../node_modules/nan/nan_implementation_12_inl.h:82:29: error: 'data' was not declared in this scope
../node_modules/nan/nan_implementation_12_inl.h: At global scope:
../node_modules/nan/nan_implementation_12_inl.h:89:41: error: 'v8::Handle' has not been declared
../node_modules/nan/nan_implementation_12_inl.h:89:47: error: expected ',' or '...' before '<' token
../node_modules/nan/nan_implementation_12_inl.h: In static member function 'static NanIntern::FactoryBase<v8::FunctionTemplate>::return_t NanIntern::Factory<v8::FunctionTemplate>::New(NanFunctionCallback, int)':
../node_modules/nan/nan_implementation_12_inl.h:93:37: error: 'data' was not declared in this scope
../node_modules/nan/nan_implementation_12_inl.h:94:37: error: 'signature' was not declared in this scope
../node_modules/nan/nan_implementation_12_inl.h: In static member function 'static NanIntern::IntegerFactory<T>::return_t NanIntern::IntegerFactory<T>::New(int32_t)':
../node_modules/nan/nan_implementation_12_inl.h:117:10: error: 'To' was not declared in this scope
../node_modules/nan/nan_implementation_12_inl.h:117:14: error: expected primary-expression before '>' token
../node_modules/nan/nan_implementation_12_inl.h: In static member function 'static NanIntern::IntegerFactory<T>::return_t NanIntern::IntegerFactory<T>::New(uint32_t)':
../node_modules/nan/nan_implementation_12_inl.h:123:10: error: 'To' was not declared in this scope
../node_modules/nan/nan_implementation_12_inl.h:123:14: error: expected primary-expression before '>' token
../node_modules/nan/nan_implementation_12_inl.h: In static member function 'static NanIntern::FactoryBase<v8::Uint32>::return_t NanIntern::Factory<v8::Uint32>::New(int32_t)':
../node_modules/nan/nan_implementation_12_inl.h:128:10: error: 'To' was not declared in this scope
../node_modules/nan/nan_implementation_12_inl.h:128:23: error: expected primary-expression before '>' token
../node_modules/nan/nan_implementation_12_inl.h: In static member function 'static NanIntern::FactoryBase<v8::Uint32>::return_t NanIntern::Factory<v8::Uint32>::New(uint32_t)':
../node_modules/nan/nan_implementation_12_inl.h:134:10: error: 'To' was not declared in this scope
../node_modules/nan/nan_implementation_12_inl.h:134:23: error: expected primary-expression before '>' token
../node_modules/nan/nan_implementation_12_inl.h: At global scope:
../node_modules/nan/nan_implementation_12_inl.h:156:9: error: 'NanIntern::FactoryBase<v8::RegExp>::return_t NanIntern::Factory<v8::RegExp>::New' is not a static member of 'struct NanIntern::Factory<v8::RegExp>'
../node_modules/nan/nan_implementation_12_inl.h:156:5: error: 'Handle' is not a member of 'v8'
../node_modules/nan/nan_implementation_12_inl.h:156:26: error: expected primary-expression before '>' token
../node_modules/nan/nan_implementation_12_inl.h:156:28: error: 'pattern' was not declared in this scope
../node_modules/nan/nan_implementation_12_inl.h:157:23: error: expected primary-expression before 'flags'
../node_modules/nan/nan_implementation_12_inl.h:157:30: error: expected ',' or ';' before '{' token
../node_modules/nan/nan_implementation_12_inl.h:179:53: error: 'NanIntern::FactoryBase<v8::Signature>::return_t NanIntern::Factory<v8::Signature>::New' is not a static member of 'struct NanIntern::Factory<v8::Signature>'
../node_modules/nan/nan_implementation_12_inl.h:179:29: error: 'FTH' is not a member of 'NanIntern::Factory<v8::Signature>'
../node_modules/nan/nan_implementation_12_inl.h:179:67: error: expected ',' or ';' before '{' token
../node_modules/nan/nan_implementation_12_inl.h:228:36: error: 'NanIntern::FactoryBase<v8::StringObject>::return_t NanIntern::Factory<v8::StringObject>::New' is not a static member of 'struct NanIntern::Factory<v8::StringObject>'
../node_modules/nan/nan_implementation_12_inl.h:228:32: error: 'Handle' is not a member of 'v8'
../node_modules/nan/nan_implementation_12_inl.h:228:53: error: expected primary-expression before '>' token
../node_modules/nan/nan_implementation_12_inl.h:228:55: error: 'value' was not declared in this scope
../node_modules/nan/nan_implementation_12_inl.h:228:62: error: expected ',' or ';' before '{' token
../node_modules/nan/nan_implementation_12_inl.h:252:32: error: 'NanNew' declared as an 'inline' variable
../node_modules/nan/nan_implementation_12_inl.h:252:32: error: template declaration of 'v8::Local<T> NanNew'
../node_modules/nan/nan_implementation_12_inl.h:252:28: error: 'Handle' is not a member of 'v8'
../node_modules/nan/nan_implementation_12_inl.h:252:40: error: expected primary-expression before '>' token
../node_modules/nan/nan_implementation_12_inl.h:252:42: error: 'h' was not declared in this scope
In file included from ../node_modules/nan/nan.h:82:0,
                 from ../ext/bson.h:17,
                 from ../ext/bson.cc:36:
../node_modules/nan/nan_new.h:238:13: error: 'v8::Handle' has not been declared
../node_modules/nan/nan_new.h:238:19: error: expected ',' or '...' before '<' token
../node_modules/nan/nan_new.h: In function 'typename NanIntern::Factory<T>::return_t NanNew(NanFunctionCallback, int)':
../node_modules/nan/nan_new.h:239:49: error: 'data' was not declared in this scope
../node_modules/nan/nan_new.h: At global scope:
../node_modules/nan/nan_new.h:246:13: error: 'v8::Handle' has not been declared
../node_modules/nan/nan_new.h:246:19: error: expected ',' or '...' before '<' token
../node_modules/nan/nan_new.h: In function 'typename NanIntern::Factory<T>::return_t NanNew(NanFunctionCallback, int)':
../node_modules/nan/nan_new.h:248:49: error: 'data' was not declared in this scope
../node_modules/nan/nan_new.h:248:55: error: 'a2' was not declared in this scope
../node_modules/nan/nan_new.h: At global scope:
../node_modules/nan/nan_new.h:253:54: error: 'NanNew' declared as an 'inline' variable
../node_modules/nan/nan_new.h:253:54: error: template declaration of 'v8::Local<T> NanNew'
../node_modules/nan/nan_new.h:253:50: error: 'Handle' is not a member of 'v8'
../node_modules/nan/nan_new.h:253:62: error: expected primary-expression before '>' token
../node_modules/nan/nan_new.h:253:64: error: 'h' was not declared in this scope
../node_modules/nan/nan_new.h:324:12: error: 'NanNew' declared as an 'inline' variable
../node_modules/nan/nan_new.h:324:12: error: 'NanIntern::FactoryBase<v8::RegExp>::return_t NanNew' redeclared as different kind of symbol
../node_modules/nan/nan_new.h:318:1: error: previous declaration of 'NanIntern::FactoryBase<v8::String>::return_t NanNew(NanExternalOneByteStringResource*)'
../node_modules/nan/nan_new.h:324:8: error: 'Handle' is not a member of 'v8'
../node_modules/nan/nan_new.h:324:29: error: expected primary-expression before '>' token
../node_modules/nan/nan_new.h:324:31: error: 'pattern' was not declared in this scope
../node_modules/nan/nan_new.h:324:58: error: expected primary-expression before 'flags'
In file included from ../ext/bson.h:17:0,
                 from ../ext/bson.cc:36:
../node_modules/nan/nan.h:220:9: error: 'v8::Handle' has not been declared
../node_modules/nan/nan.h:220:15: error: expected ',' or '...' before '<' token
../node_modules/nan/nan.h: In function 'bool NanBooleanOptionValue(v8::Local<v8::Object>, int)':
../node_modules/nan/nan.h:222:7: error: 'def' was not declared in this scope
../node_modules/nan/nan.h:224:27: error: 'opt' was not declared in this scope
../node_modules/nan/nan.h:228:26: error: 'opt' was not declared in this scope
../node_modules/nan/nan.h: At global scope:
../node_modules/nan/nan.h:235:9: error: 'v8::Handle' has not been declared
../node_modules/nan/nan.h:235:15: error: expected ',' or '...' before '<' token
../node_modules/nan/nan.h: In function 'bool NanBooleanOptionValue(v8::Local<v8::Object>, int)':
../node_modules/nan/nan.h:233:17: error: redefinition of 'bool NanBooleanOptionValue(v8::Local<v8::Object>, int)'
../node_modules/nan/nan.h:218:17: error: 'bool NanBooleanOptionValue(v8::Local<v8::Object>, int)' previously defined here
../node_modules/nan/nan.h:237:44: error: 'opt' was not declared in this scope
../node_modules/nan/nan.h: At global scope:
../node_modules/nan/nan.h:242:9: error: 'v8::Handle' has not been declared
../node_modules/nan/nan.h:242:15: error: expected ',' or '...' before '<' token
../node_modules/nan/nan.h: In function 'uint32_t NanUInt32OptionValue(v8::Local<v8::Object>, int)':
../node_modules/nan/nan.h:246:24: error: 'opt' was not declared in this scope
../node_modules/nan/nan.h:249:9: error: 'def' was not declared in this scope
../node_modules/nan/nan.h: At global scope:
../node_modules/nan/nan.h:253:25: error: template declaration of 'v8::Local<T> NanNew'
../node_modules/nan/nan.h:253:21: error: 'Handle' is not a member of 'v8'
../node_modules/nan/nan.h:253:33: error: expected primary-expression before '>' token
../node_modules/nan/nan.h:253:34: error: expected primary-expression before ')' token
../node_modules/nan/nan.h:256:45: error: '_NanEnsureLocal' declared as an 'inline' variable
../node_modules/nan/nan.h:256:45: warning: 'always_inline' attribute ignored [-Wattributes]
../node_modules/nan/nan.h:256:45: error: template declaration of 'v8::Local<T> _NanEnsureLocal'
../node_modules/nan/nan.h:256:41: error: 'Handle' is not a member of 'v8'
../node_modules/nan/nan.h:256:53: error: expected primary-expression before '>' token
../node_modules/nan/nan.h:256:55: error: 'val' was not declared in this scope
../node_modules/nan/nan.h: In function 'v8::Local<v8::Primitive> NanUndefined()':
../node_modules/nan/nan.h:414:12: error: no matching function for call to 'NanNew(v8::Local<v8::Primitive>)'
../node_modules/nan/nan.h:414:12: note: candidates are:
../node_modules/nan/nan_implementation_12_inl.h:257:21: note: template<class T> v8::Local<T> NanNew(const v8::Persistent<T, v8::NonCopyablePersistentTraits<T> >&)
../node_modules/nan/nan_new.h:201:1: note: template<class T> typename NanIntern::Factory::return_t NanNew()
../node_modules/nan/nan_new.h:207:1: note: template<class T, class A0> typename NanIntern::Factory<T>::return_t NanNew(A0)
../node_modules/nan/nan_new.h:213:1: note: template<class T, class A0, class A1> typename NanIntern::Factory<T>::return_t NanNew(A0, A1)
../node_modules/nan/nan_new.h:219:1: note: template<class T, class A0, class A1, class A2> typename NanIntern::Factory<T>::return_t NanNew(A0, A1, A2)
../node_modules/nan/nan_new.h:225:1: note: template<class T, class A0, class A1, class A2, class A3> typename NanIntern::Factory<T>::return_t NanNew(A0, A1, A2, A3)
../node_modules/nan/nan_new.h:237:1: note: template<class T> typename NanIntern::Factory::return_t NanNew(NanFunctionCallback, int)
../node_modules/nan/nan_new.h:245:1: note: template<class T, class A2> typename NanIntern::Factory<T>::return_t NanNew(NanFunctionCallback, int)
../node_modules/nan/nan_new.h:258:1: note: NanIntern::FactoryBase<v8::Boolean>::return_t NanNew(bool)
../node_modules/nan/nan_new.h:258:1: note:   no known conversion for argument 1 from 'v8::Local<v8::Primitive>' to 'bool'
../node_modules/nan/nan_new.h:264:1: note: NanIntern::IntegerFactory<v8::Int32>::return_t NanNew(int32_t)
../node_modules/nan/nan_new.h:264:1: note:   no known conversion for argument 1 from 'v8::Local<v8::Primitive>' to 'int32_t {aka int}'
../node_modules/nan/nan_new.h:270:1: note: NanIntern::FactoryBase<v8::Uint32>::return_t NanNew(uint32_t)
../node_modules/nan/nan_new.h:270:1: note:   no known conversion for argument 1 from 'v8::Local<v8::Primitive>' to 'uint32_t {aka unsigned int}'
../node_modules/nan/nan_new.h:276:1: note: NanIntern::FactoryBase<v8::Number>::return_t NanNew(double)
../node_modules/nan/nan_new.h:276:1: note:   no known conversion for argument 1 from 'v8::Local<v8::Primitive>' to 'double'
../node_modules/nan/nan_new.h:282:1: note: NanIntern::FactoryBase<v8::String>::return_t NanNew(const string&)
../node_modules/nan/nan_new.h:282:1: note:   no known conversion for argument 1 from 'v8::Local<v8::Primitive>' to 'const string& {aka const std::basic_string<char>&}'
../node_modules/nan/nan_new.h:288:1: note: NanIntern::FactoryBase<v8::String>::return_t NanNew(const char*, int)
../node_modules/nan/nan_new.h:288:1: note:   candidate expects 2 arguments, 1 provided
../node_modules/nan/nan_new.h:294:1: note: NanIntern::FactoryBase<v8::String>::return_t NanNew(const char*)
../node_modules/nan/nan_new.h:294:1: note:   no known conversion for argument 1 from 'v8::Local<v8::Primitive>' to 'const char*'
../node_modules/nan/nan_new.h:300:1: note: NanIntern::FactoryBase<v8::String>::return_t NanNew(const uint8_t*)
../node_modules/nan/nan_new.h:300:1: note:   no known conversion for argument 1 from 'v8::Local<v8::Primitive>' to 'const uint8_t* {aka const unsigned char*}'
../node_modules/nan/nan_new.h:306:1: note: NanIntern::FactoryBase<v8::String>::return_t NanNew(const uint16_t*)
../node_modules/nan/nan_new.h:306:1: note:   no known conversion for argument 1 from 'v8::Local<v8::Primitive>' to 'const uint16_t* {aka const short unsigned int*}'
../node_modules/nan/nan_new.h:312:1: note: NanIntern::FactoryBase<v8::String>::return_t NanNew(v8::String::ExternalStringResource*)
../node_modules/nan/nan_new.h:312:1: note:   no known conversion for argument 1 from 'v8::Local<v8::Primitive>' to 'v8::String::ExternalStringResource*'
../node_modules/nan/nan_new.h:318:1: note: NanIntern::FactoryBase<v8::String>::return_t NanNew(NanExternalOneByteStringResource*)
../node_modules/nan/nan_new.h:318:1: note:   no known conversion for argument 1 from 'v8::Local<v8::Primitive>' to 'NanExternalOneByteStringResource* {aka v8::String::ExternalOneByteStringResource*}'
../node_modules/nan/nan.h: In function 'v8::Local<v8::Primitive> NanNull()':
../node_modules/nan/nan.h:419:12: error: no matching function for call to 'NanNew(v8::Local<v8::Primitive>)'
../node_modules/nan/nan.h:419:12: note: candidates are:
../node_modules/nan/nan_implementation_12_inl.h:257:21: note: template<class T> v8::Local<T> NanNew(const v8::Persistent<T, v8::NonCopyablePersistentTraits<T> >&)
../node_modules/nan/nan_new.h:201:1: note: template<class T> typename NanIntern::Factory::return_t NanNew()
../node_modules/nan/nan_new.h:207:1: note: template<class T, class A0> typename NanIntern::Factory<T>::return_t NanNew(A0)
../node_modules/nan/nan_new.h:213:1: note: template<class T, class A0, class A1> typename NanIntern::Factory<T>::return_t NanNew(A0, A1)
../node_modules/nan/nan_new.h:219:1: note: template<class T, class A0, class A1, class A2> typename NanIntern::Factory<T>::return_t NanNew(A0, A1, A2)
../node_modules/nan/nan_new.h:225:1: note: template<class T, class A0, class A1, class A2, class A3> typename NanIntern::Factory<T>::return_t NanNew(A0, A1, A2, A3)
../node_modules/nan/nan_new.h:237:1: note: template<class T> typename NanIntern::Factory::return_t NanNew(NanFunctionCallback, int)
../node_modules/nan/nan_new.h:245:1: note: template<class T, class A2> typename NanIntern::Factory<T>::return_t NanNew(NanFunctionCallback, int)
../node_modules/nan/nan_new.h:258:1: note: NanIntern::FactoryBase<v8::Boolean>::return_t NanNew(bool)
../node_modules/nan/nan_new.h:258:1: note:   no known conversion for argument 1 from 'v8::Local<v8::Primitive>' to 'bool'
../node_modules/nan/nan_new.h:264:1: note: NanIntern::IntegerFactory<v8::Int32>::return_t NanNew(int32_t)
../node_modules/nan/nan_new.h:264:1: note:   no known conversion for argument 1 from 'v8::Local<v8::Primitive>' to 'int32_t {aka int}'
../node_modules/nan/nan_new.h:270:1: note: NanIntern::FactoryBase<v8::Uint32>::return_t NanNew(uint32_t)
../node_modules/nan/nan_new.h:270:1: note:   no known conversion for argument 1 from 'v8::Local<v8::Primitive>' to 'uint32_t {aka unsigned int}'
../node_modules/nan/nan_new.h:276:1: note: NanIntern::FactoryBase<v8::Number>::return_t NanNew(double)
../node_modules/nan/nan_new.h:276:1: note:   no known conversion for argument 1 from 'v8::Local<v8::Primitive>' to 'double'
../node_modules/nan/nan_new.h:282:1: note: NanIntern::FactoryBase<v8::String>::return_t NanNew(const string&)
../node_modules/nan/nan_new.h:282:1: note:   no known conversion for argument 1 from 'v8::Local<v8::Primitive>' to 'const string& {aka const std::basic_string<char>&}'
../node_modules/nan/nan_new.h:288:1: note: NanIntern::FactoryBase<v8::String>::return_t NanNew(const char*, int)
../node_modules/nan/nan_new.h:288:1: note:   candidate expects 2 arguments, 1 provided
../node_modules/nan/nan_new.h:294:1: note: NanIntern::FactoryBase<v8::String>::return_t NanNew(const char*)
../node_modules/nan/nan_new.h:294:1: note:   no known conversion for argument 1 from 'v8::Local<v8::Primitive>' to 'const char*'
../node_modules/nan/nan_new.h:300:1: note: NanIntern::FactoryBase<v8::String>::return_t NanNew(const uint8_t*)
../node_modules/nan/nan_new.h:300:1: note:   no known conversion for argument 1 from 'v8::Local<v8::Primitive>' to 'const uint8_t* {aka const unsigned char*}'
../node_modules/nan/nan_new.h:306:1: note: NanIntern::FactoryBase<v8::String>::return_t NanNew(const uint16_t*)
../node_modules/nan/nan_new.h:306:1: note:   no known conversion for argument 1 from 'v8::Local<v8::Primitive>' to 'const uint16_t* {aka const short unsigned int*}'
../node_modules/nan/nan_new.h:312:1: note: NanIntern::FactoryBase<v8::String>::return_t NanNew(v8::String::ExternalStringResource*)
../node_modules/nan/nan_new.h:312:1: note:   no known conversion for argument 1 from 'v8::Local<v8::Primitive>' to 'v8::String::ExternalStringResource*'
../node_modules/nan/nan_new.h:318:1: note: NanIntern::FactoryBase<v8::String>::return_t NanNew(NanExternalOneByteStringResource*)
../node_modules/nan/nan_new.h:318:1: note:   no known conversion for argument 1 from 'v8::Local<v8::Primitive>' to 'NanExternalOneByteStringResource* {aka v8::String::ExternalOneByteStringResource*}'
../node_modules/nan/nan.h: In function 'v8::Local<v8::Boolean> NanTrue()':
../node_modules/nan/nan.h:424:12: error: no matching function for call to 'NanNew(v8::Local<v8::Boolean>)'
../node_modules/nan/nan.h:424:12: note: candidates are:
../node_modules/nan/nan_implementation_12_inl.h:257:21: note: template<class T> v8::Local<T> NanNew(const v8::Persistent<T, v8::NonCopyablePersistentTraits<T> >&)
../node_modules/nan/nan_new.h:201:1: note: template<class T> typename NanIntern::Factory::return_t NanNew()
../node_modules/nan/nan_new.h:207:1: note: template<class T, class A0> typename NanIntern::Factory<T>::return_t NanNew(A0)
../node_modules/nan/nan_new.h:213:1: note: template<class T, class A0, class A1> typename NanIntern::Factory<T>::return_t NanNew(A0, A1)
../node_modules/nan/nan_new.h:219:1: note: template<class T, class A0, class A1, class A2> typename NanIntern::Factory<T>::return_t NanNew(A0, A1, A2)
../node_modules/nan/nan_new.h:225:1: note: template<class T, class A0, class A1, class A2, class A3> typename NanIntern::Factory<T>::return_t NanNew(A0, A1, A2, A3)
../node_modules/nan/nan_new.h:237:1: note: template<class T> typename NanIntern::Factory::return_t NanNew(NanFunctionCallback, int)
../node_modules/nan/nan_new.h:245:1: note: template<class T, class A2> typename NanIntern::Factory<T>::return_t NanNew(NanFunctionCallback, int)
../node_modules/nan/nan_new.h:258:1: note: NanIntern::FactoryBase<v8::Boolean>::return_t NanNew(bool)
../node_modules/nan/nan_new.h:258:1: note:   no known conversion for argument 1 from 'v8::Local<v8::Boolean>' to 'bool'
../node_modules/nan/nan_new.h:264:1: note: NanIntern::IntegerFactory<v8::Int32>::return_t NanNew(int32_t)
../node_modules/nan/nan_new.h:264:1: note:   no known conversion for argument 1 from 'v8::Local<v8::Boolean>' to 'int32_t {aka int}'
../node_modules/nan/nan_new.h:270:1: note: NanIntern::FactoryBase<v8::Uint32>::return_t NanNew(uint32_t)
../node_modules/nan/nan_new.h:270:1: note:   no known conversion for argument 1 from 'v8::Local<v8::Boolean>' to 'uint32_t {aka unsigned int}'
../node_modules/nan/nan_new.h:276:1: note: NanIntern::FactoryBase<v8::Number>::return_t NanNew(double)
../node_modules/nan/nan_new.h:276:1: note:   no known conversion for argument 1 from 'v8::Local<v8::Boolean>' to 'double'
../node_modules/nan/nan_new.h:282:1: note: NanIntern::FactoryBase<v8::String>::return_t NanNew(const string&)
../node_modules/nan/nan_new.h:282:1: note:   no known conversion for argument 1 from 'v8::Local<v8::Boolean>' to 'const string& {aka const std::basic_string<char>&}'
../node_modules/nan/nan_new.h:288:1: note: NanIntern::FactoryBase<v8::String>::return_t NanNew(const char*, int)
../node_modules/nan/nan_new.h:288:1: note:   candidate expects 2 arguments, 1 provided
../node_modules/nan/nan_new.h:294:1: note: NanIntern::FactoryBase<v8::String>::return_t NanNew(const char*)
../node_modules/nan/nan_new.h:294:1: note:   no known conversion for argument 1 from 'v8::Local<v8::Boolean>' to 'const char*'
../node_modules/nan/nan_new.h:300:1: note: NanIntern::FactoryBase<v8::String>::return_t NanNew(const uint8_t*)
../node_modules/nan/nan_new.h:300:1: note:   no known conversion for argument 1 from 'v8::Local<v8::Boolean>' to 'const uint8_t* {aka const unsigned char*}'
../node_modules/nan/nan_new.h:306:1: note: NanIntern::FactoryBase<v8::String>::return_t NanNew(const uint16_t*)
../node_modules/nan/nan_new.h:306:1: note:   no known conversion for argument 1 from 'v8::Local<v8::Boolean>' to 'const uint16_t* {aka const short unsigned int*}'
../node_modules/nan/nan_new.h:312:1: note: NanIntern::FactoryBase<v8::String>::return_t NanNew(v8::String::ExternalStringResource*)
../node_modules/nan/nan_new.h:312:1: note:   no known conversion for argument 1 from 'v8::Local<v8::Boolean>' to 'v8::String::ExternalStringResource*'
../node_modules/nan/nan_new.h:318:1: note: NanIntern::FactoryBase<v8::String>::return_t NanNew(NanExternalOneByteStringResource*)
../node_modules/nan/nan_new.h:318:1: note:   no known conversion for argument 1 from 'v8::Local<v8::Boolean>' to 'NanExternalOneByteStringResource* {aka v8::String::ExternalOneByteStringResource*}'
../node_modules/nan/nan.h: In function 'v8::Local<v8::Boolean> NanFalse()':
../node_modules/nan/nan.h:429:12: error: no matching function for call to 'NanNew(v8::Local<v8::Boolean>)'
../node_modules/nan/nan.h:429:12: note: candidates are:
../node_modules/nan/nan_implementation_12_inl.h:257:21: note: template<class T> v8::Local<T> NanNew(const v8::Persistent<T, v8::NonCopyablePersistentTraits<T> >&)
../node_modules/nan/nan_new.h:201:1: note: template<class T> typename NanIntern::Factory::return_t NanNew()
../node_modules/nan/nan_new.h:207:1: note: template<class T, class A0> typename NanIntern::Factory<T>::return_t NanNew(A0)
../node_modules/nan/nan_new.h:213:1: note: template<class T, class A0, class A1> typename NanIntern::Factory<T>::return_t NanNew(A0, A1)
../node_modules/nan/nan_new.h:219:1: note: template<class T, class A0, class A1, class A2> typename NanIntern::Factory<T>::return_t NanNew(A0, A1, A2)
../node_modules/nan/nan_new.h:225:1: note: template<class T, class A0, class A1, class A2, class A3> typename NanIntern::Factory<T>::return_t NanNew(A0, A1, A2, A3)
../node_modules/nan/nan_new.h:237:1: note: template<class T> typename NanIntern::Factory::return_t NanNew(NanFunctionCallback, int)
../node_modules/nan/nan_new.h:245:1: note: template<class T, class A2> typename NanIntern::Factory<T>::return_t NanNew(NanFunctionCallback, int)
../node_modules/nan/nan_new.h:258:1: note: NanIntern::FactoryBase<v8::Boolean>::return_t NanNew(bool)
../node_modules/nan/nan_new.h:258:1: note:   no known conversion for argument 1 from 'v8::Local<v8::Boolean>' to 'bool'
../node_modules/nan/nan_new.h:264:1: note: NanIntern::IntegerFactory<v8::Int32>::return_t NanNew(int32_t)
../node_modules/nan/nan_new.h:264:1: note:   no known conversion for argument 1 from 'v8::Local<v8::Boolean>' to 'int32_t {aka int}'
../node_modules/nan/nan_new.h:270:1: note: NanIntern::FactoryBase<v8::Uint32>::return_t NanNew(uint32_t)
../node_modules/nan/nan_new.h:270:1: note:   no known conversion for argument 1 from 'v8::Local<v8::Boolean>' to 'uint32_t {aka unsigned int}'
../node_modules/nan/nan_new.h:276:1: note: NanIntern::FactoryBase<v8::Number>::return_t NanNew(double)
../node_modules/nan/nan_new.h:276:1: note:   no known conversion for argument 1 from 'v8::Local<v8::Boolean>' to 'double'
../node_modules/nan/nan_new.h:282:1: note: NanIntern::FactoryBase<v8::String>::return_t NanNew(const string&)
../node_modules/nan/nan_new.h:282:1: note:   no known conversion for argument 1 from 'v8::Local<v8::Boolean>' to 'const string& {aka const std::basic_string<char>&}'
../node_modules/nan/nan_new.h:288:1: note: NanIntern::FactoryBase<v8::String>::return_t NanNew(const char*, int)
../node_modules/nan/nan_new.h:288:1: note:   candidate expects 2 arguments, 1 provided
../node_modules/nan/nan_new.h:294:1: note: NanIntern::FactoryBase<v8::String>::return_t NanNew(const char*)
../node_modules/nan/nan_new.h:294:1: note:   no known conversion for argument 1 from 'v8::Local<v8::Boolean>' to 'const char*'
../node_modules/nan/nan_new.h:300:1: note: NanIntern::FactoryBase<v8::String>::return_t NanNew(const uint8_t*)
../node_modules/nan/nan_new.h:300:1: note:   no known conversion for argument 1 from 'v8::Local<v8::Boolean>' to 'const uint8_t* {aka const unsigned char*}'
../node_modules/nan/nan_new.h:306:1: note: NanIntern::FactoryBase<v8::String>::return_t NanNew(const uint16_t*)
../node_modules/nan/nan_new.h:306:1: note:   no known conversion for argument 1 from 'v8::Local<v8::Boolean>' to 'const uint16_t* {aka const short unsigned int*}'
../node_modules/nan/nan_new.h:312:1: note: NanIntern::FactoryBase<v8::String>::return_t NanNew(v8::String::ExternalStringResource*)
../node_modules/nan/nan_new.h:312:1: note:   no known conversion for argument 1 from 'v8::Local<v8::Boolean>' to 'v8::String::ExternalStringResource*'
../node_modules/nan/nan_new.h:318:1: note: NanIntern::FactoryBase<v8::String>::return_t NanNew(NanExternalOneByteStringResource*)
../node_modules/nan/nan_new.h:318:1: note:   no known conversion for argument 1 from 'v8::Local<v8::Boolean>' to 'NanExternalOneByteStringResource* {aka v8::String::ExternalOneByteStringResource*}'
../node_modules/nan/nan.h: At global scope:
../node_modules/nan/nan.h:438:11: error: variable or field 'NanSetTemplate' declared void
../node_modules/nan/nan.h:438:7: error: 'Handle' is not a member of 'v8'
../node_modules/nan/nan.h:438:30: error: expected primary-expression before '>' token
../node_modules/nan/nan.h:438:32: error: 'templ' was not declared in this scope
../node_modules/nan/nan.h:439:7: error: expected primary-expression before 'const'
../node_modules/nan/nan.h:440:7: error: 'Handle' is not a member of 'v8'
../node_modules/nan/nan.h:440:26: error: expected primary-expression before '>' token
../node_modules/nan/nan.h:440:28: error: 'value' was not declared in this scope
../node_modules/nan/nan.h:445:11: error: variable or field 'NanSetTemplate' declared void
../node_modules/nan/nan.h:445:7: error: 'Handle' is not a member of 'v8'
../node_modules/nan/nan.h:445:30: error: expected primary-expression before '>' token
../node_modules/nan/nan.h:445:32: error: 'templ' was not declared in this scope
../node_modules/nan/nan.h:446:7: error: 'Handle' is not a member of 'v8'
../node_modules/nan/nan.h:446:28: error: expected primary-expression before '>' token
../node_modules/nan/nan.h:446:30: error: 'name' was not declared in this scope
../node_modules/nan/nan.h:447:7: error: 'Handle' is not a member of 'v8'
../node_modules/nan/nan.h:447:26: error: expected primary-expression before '>' token
../node_modules/nan/nan.h:447:28: error: 'value' was not declared in this scope
../node_modules/nan/nan.h:448:29: error: expected primary-expression before 'attributes'
../node_modules/nan/nan.h:457:11: error: 'NanGetInternalFieldPointer' declared as an 'inline' variable
../node_modules/nan/nan.h:457:11: warning: 'always_inline' attribute ignored [-Wattributes]
../node_modules/nan/nan.h:457:7: error: 'Handle' is not a member of 'v8'
../node_modules/nan/nan.h:457:28: error: expected primary-expression before '>' token
../node_modules/nan/nan.h:457:30: error: 'object' was not declared in this scope
../node_modules/nan/nan.h:458:7: error: expected primary-expression before 'int'
../node_modules/nan/nan.h:458:16: error: expression list treated as compound expression in initializer [-fpermissive]
../node_modules/nan/nan.h:458:18: error: expected ',' or ';' before '{' token
../node_modules/nan/nan.h:463:11: error: variable or field 'NanSetInternalFieldPointer' declared void
../node_modules/nan/nan.h:463:7: error: 'Handle' is not a member of 'v8'
../node_modules/nan/nan.h:463:28: error: expected primary-expression before '>' token
../node_modules/nan/nan.h:463:30: error: 'object' was not declared in this scope
../node_modules/nan/nan.h:464:7: error: expected primary-expression before 'int'
../node_modules/nan/nan.h:465:7: error: expected primary-expression before 'void'
../node_modules/nan/nan.h:507:11: error: 'v8::Handle' has not been declared
../node_modules/nan/nan.h:507:17: error: expected ',' or '...' before '<' token
../node_modules/nan/nan.h: In function 'void NanAssignPersistent(v8::Persistent<T, v8::NonCopyablePersistentTraits<T> >&, int)':
../node_modules/nan/nan.h:508:47: error: 'obj' was not declared in this scope
../node_modules/nan/nan.h: At global scope:
../node_modules/nan/nan.h:524:47: error: expected ')' before '<' token
../node_modules/nan/nan.h:585:9: error: 'NanMakeWeakPersistent' declared as an 'inline' variable
../node_modules/nan/nan.h:585:9: warning: 'always_inline' attribute ignored [-Wattributes]
../node_modules/nan/nan.h:585:9: error: template declaration of '_NanWeakCallbackInfo<T, P>* NanMakeWeakPersistent'
../node_modules/nan/nan.h:585:5: error: 'Handle' is not a member of 'v8'
../node_modules/nan/nan.h:585:17: error: expected primary-expression before '>' token
../node_modules/nan/nan.h:585:19: error: 'handle' was not declared in this scope
../node_modules/nan/nan.h:586:6: error: expected primary-expression before '*' token
../node_modules/nan/nan.h:586:8: error: 'parameter' was not declared in this scope
../node_modules/nan/nan.h:587:51: error: expected '(' before 'callback'
../node_modules/nan/nan.h:614:37: error: variable or field 'NanThrowError' declared void
../node_modules/nan/nan.h:614:33: error: 'Handle' is not a member of 'v8'
../node_modules/nan/nan.h:614:53: error: expected primary-expression before '>' token
../node_modules/nan/nan.h:614:55: error: 'error' was not declared in this scope
../node_modules/nan/nan.h: In function 'void NanThrowError(const char*, int)':
../node_modules/nan/nan.h:633:45: error: no matching function for call to 'NanThrowError(v8::Local<v8::Value>)'
../node_modules/nan/nan.h:633:45: note: candidates are:
../node_modules/nan/nan.h:610:19: note: void NanThrowError(const char*)
../node_modules/nan/nan.h:610:19: note:   no known conversion for argument 1 from 'v8::Local<v8::Value>' to 'const char*'
../node_modules/nan/nan.h:629:19: note: void NanThrowError(const char*, int)
../node_modules/nan/nan.h:629:19: note:   candidate expects 2 arguments, 1 provided
../node_modules/nan/nan.h: At global scope:
../node_modules/nan/nan.h:661:13: error: 'node::smalloc' has not been declared
../node_modules/nan/nan.h:661:35: error: expected ',' or '...' before 'callback'
../node_modules/nan/nan.h: In function 'v8::Local<v8::Object> NanNewBufferHandle(char*, size_t, int)':
../node_modules/nan/nan.h:665:50: error: 'callback' was not declared in this scope
../node_modules/nan/nan.h:665:60: error: 'hint' was not declared in this scope
../node_modules/nan/nan.h: In function 'v8::Local<v8::Object> NanNewBufferHandle(const char*, uint32_t)':
../node_modules/nan/nan.h:672:67: error: call of overloaded 'New(v8::Isolate*, const char*&, uint32_t&)' is ambiguous
../node_modules/nan/nan.h:672:67: note: candidates are:
/home/vagrant/.node-gyp/4.2.3/include/node/node_buffer.h:31:40: note: v8::MaybeLocal<v8::Object> node::Buffer::New(v8::Isolate*, v8::Local<v8::String>, node::encoding) <near match>
/home/vagrant/.node-gyp/4.2.3/include/node/node_buffer.h:31:40: note:   no known conversion for argument 3 from 'uint32_t {aka unsigned int}' to 'node::encoding'
/home/vagrant/.node-gyp/4.2.3/include/node/node_buffer.h:43:40: note: v8::MaybeLocal<v8::Object> node::Buffer::New(v8::Isolate*, char*, size_t) <near match>
/home/vagrant/.node-gyp/4.2.3/include/node/node_buffer.h:43:40: note:   no known conversion for argument 2 from 'const char*' to 'char*'
../node_modules/nan/nan.h: In function 'v8::Local<v8::Object> NanNewBufferHandle(uint32_t)':
../node_modules/nan/nan.h:676:61: error: could not convert 'node::Buffer::New(v8::Isolate::GetCurrent(), ((size_t)size))' from 'v8::MaybeLocal<v8::Object>' to 'v8::Local<v8::Object>'
../node_modules/nan/nan.h: In function 'v8::Local<v8::Object> NanBufferUse(char*, uint32_t)':
../node_modules/nan/nan.h:683:12: error: 'Use' is not a member of 'node::Buffer'
../node_modules/nan/nan.h: At global scope:
../node_modules/nan/nan.h:688:11: error: 'v8::Handle' has not been declared
../node_modules/nan/nan.h:688:17: error: expected ',' or '...' before '<' token
../node_modules/nan/nan.h: In function 'bool NanHasInstance(const v8::Persistent<v8::FunctionTemplate>&, int)':
../node_modules/nan/nan.h:690:51: error: 'value' was not declared in this scope
../node_modules/nan/nan.h: At global scope:
../node_modules/nan/nan.h:695:11: error: 'v8::Handle' has not been declared
../node_modules/nan/nan.h:695:17: error: expected ',' or '...' before '<' token
../node_modules/nan/nan.h: In function 'v8::Local<v8::Context> NanNewContextHandle(v8::ExtensionConfiguration*, int)':
../node_modules/nan/nan.h:693:52: error: default argument missing for parameter 2 of 'v8::Local<v8::Context> NanNewContextHandle(v8::ExtensionConfiguration*, int)'
../node_modules/nan/nan.h:701:47: error: 'tmpl' was not declared in this scope
../node_modules/nan/nan.h:701:53: error: 'obj' was not declared in this scope
../node_modules/nan/nan.h: At global scope:
../node_modules/nan/nan.h:721:11: error: 'NanRunScript' declared as an 'inline' variable
../node_modules/nan/nan.h:721:11: warning: 'always_inline' attribute ignored [-Wattributes]
../node_modules/nan/nan.h:721:7: error: 'Handle' is not a member of 'v8'
../node_modules/nan/nan.h:721:34: error: expected primary-expression before '>' token
../node_modules/nan/nan.h:721:36: error: 'script' was not declared in this scope
../node_modules/nan/nan.h:722:5: error: expected ',' or ';' before '{' token
../node_modules/nan/nan.h:727:11: error: 'NanRunScript' declared as an 'inline' variable
../node_modules/nan/nan.h:727:11: warning: 'always_inline' attribute ignored [-Wattributes]
../node_modules/nan/nan.h:727:11: error: redefinition of 'v8::Local<v8::Value> NanRunScript'
../node_modules/nan/nan.h:720:35: error: 'v8::Local<v8::Value> NanRunScript' previously declared here
../node_modules/nan/nan.h:727:7: error: 'Handle' is not a member of 'v8'
../node_modules/nan/nan.h:727:32: error: expected primary-expression before '>' token
../node_modules/nan/nan.h:727:34: error: 'script' was not declared in this scope
../node_modules/nan/nan.h:733:11: error: 'NanMakeCallback' declared as an 'inline' variable
../node_modules/nan/nan.h:733:11: warning: 'always_inline' attribute ignored [-Wattributes]
../node_modules/nan/nan.h:733:7: error: 'Handle' is not a member of 'v8'
../node_modules/nan/nan.h:733:28: error: expected primary-expression before '>' token
../node_modules/nan/nan.h:733:30: error: 'target' was not declared in this scope
../node_modules/nan/nan.h:734:7: error: 'Handle' is not a member of 'v8'
../node_modules/nan/nan.h:734:30: error: expected primary-expression before '>' token
../node_modules/nan/nan.h:734:32: error: 'func' was not declared in this scope
../node_modules/nan/nan.h:735:7: error: expected primary-expression before 'int'
../node_modules/nan/nan.h:736:7: error: 'Handle' is not a member of 'v8'
../node_modules/nan/nan.h:736:27: error: expected primary-expression before '>' token
../node_modules/nan/nan.h:736:30: error: 'argv' was not declared in this scope
../node_modules/nan/nan.h:736:36: error: expected ',' or ';' before '{' token
../node_modules/nan/nan.h:742:11: error: 'NanMakeCallback' declared as an 'inline' variable
../node_modules/nan/nan.h:742:11: warning: 'always_inline' attribute ignored [-Wattributes]
../node_modules/nan/nan.h:742:11: error: redefinition of 'v8::Local<v8::Value> NanMakeCallback'
../node_modules/nan/nan.h:732:35: error: 'v8::Local<v8::Value> NanMakeCallback' previously declared here
../node_modules/nan/nan.h:742:7: error: 'Handle' is not a member of 'v8'
../node_modules/nan/nan.h:742:28: error: expected primary-expression before '>' token
../node_modules/nan/nan.h:742:30: error: 'target' was not declared in this scope
../node_modules/nan/nan.h:743:7: error: 'Handle' is not a member of 'v8'
../node_modules/nan/nan.h:743:28: error: expected primary-expression before '>' token
../node_modules/nan/nan.h:743:30: error: 'symbol' was not declared in this scope
../node_modules/nan/nan.h:744:7: error: expected primary-expression before 'int'
../node_modules/nan/nan.h:745:7: error: 'Handle' is not a member of 'v8'
../node_modules/nan/nan.h:745:27: error: expected primary-expression before '>' token
../node_modules/nan/nan.h:745:30: error: 'argv' was not declared in this scope
../node_modules/nan/nan.h:751:11: error: 'NanMakeCallback' declared as an 'inline' variable
../node_modules/nan/nan.h:751:11: warning: 'always_inline' attribute ignored [-Wattributes]
../node_modules/nan/nan.h:751:11: error: redefinition of 'v8::Local<v8::Value> NanMakeCallback'
../node_modules/nan/nan.h:732:35: error: 'v8::Local<v8::Value> NanMakeCallback' previously declared here
../node_modules/nan/nan.h:751:7: error: 'Handle' is not a member of 'v8'
../node_modules/nan/nan.h:751:28: error: expected primary-expression before '>' token
../node_modules/nan/nan.h:751:30: error: 'target' was not declared in this scope
../node_modules/nan/nan.h:752:7: error: expected primary-expression before 'const'
../node_modules/nan/nan.h:753:7: error: expected primary-expression before 'int'
../node_modules/nan/nan.h:754:7: error: 'Handle' is not a member of 'v8'
../node_modules/nan/nan.h:754:27: error: expected primary-expression before '>' token
../node_modules/nan/nan.h:754:30: error: 'argv' was not declared in this scope
../node_modules/nan/nan.h:776:50: error: expected ')' before '<' token
../node_modules/nan/nan.h:810:49: error: expected ')' before '<' token
../node_modules/nan/nan.h:843:49: error: expected ')' before '<' token
../node_modules/nan/nan.h:1484:30: error: 'Handle' in namespace 'v8' does not name a type
../node_modules/nan/nan.h:1484:34: error: ISO C++ forbids declaration of 'parameter' with no type [-fpermissive]
../node_modules/nan/nan.h:1484:40: error: expected ',' or '...' before '<' token
../node_modules/nan/nan.h:1507:37: error: 'Handle' in namespace 'v8' does not name a type
../node_modules/nan/nan.h:1507:41: error: ISO C++ forbids declaration of 'parameter' with no type [-fpermissive]
../node_modules/nan/nan.h:1507:47: error: expected ',' or '...' before '<' token
../node_modules/nan/nan.h:1523:14: error: 'Handle' in namespace 'v8' does not name a type
../node_modules/nan/nan.h:1535:14: error: 'Handle' in namespace 'v8' does not name a type
../node_modules/nan/nan.h:1550:3: error: 'Handle' in namespace 'v8' does not name a type
../node_modules/nan/nan.h: In constructor 'NanCallback::NanCallback()':
../node_modules/nan/nan.h:1481:36: error: no matching function for call to 'NanAssignPersistent(v8::Persistent<v8::Object>&, v8::Local<v8::Object>&)'
../node_modules/nan/nan.h:1481:36: note: candidates are:
../node_modules/nan/nan.h:505:19: note: template<class T> void NanAssignPersistent(v8::Persistent<T, v8::NonCopyablePersistentTraits<T> >&, int)
../node_modules/nan/nan.h:512:19: note: template<class T> void NanAssignPersistent(v8::Persistent<T, v8::NonCopyablePersistentTraits<T> >&, const v8::Persistent<T, v8::NonCopyablePersistentTraits<T> >&)
../node_modules/nan/nan.h: In constructor 'NanCallback::NanCallback(int)':
../node_modules/nan/nan.h:1487:36: error: no matching function for call to 'NanAssignPersistent(v8::Persistent<v8::Object>&, v8::Local<v8::Object>&)'
../node_modules/nan/nan.h:1487:36: note: candidates are:
../node_modules/nan/nan.h:505:19: note: template<class T> void NanAssignPersistent(v8::Persistent<T, v8::NonCopyablePersistentTraits<T> >&, int)
../node_modules/nan/nan.h:512:19: note: template<class T> void NanAssignPersistent(v8::Persistent<T, v8::NonCopyablePersistentTraits<T> >&, const v8::Persistent<T, v8::NonCopyablePersistentTraits<T> >&)
../node_modules/nan/nan.h:1488:17: error: 'fn' was not declared in this scope
../node_modules/nan/nan.h: In member function 'void NanCallback::SetFunction(int)':
../node_modules/nan/nan.h:1509:41: error: 'fn' was not declared in this scope
../node_modules/nan/nan.h: In constructor 'NanAsyncWorker::NanAsyncWorker(NanCallback*)':
../node_modules/nan/nan.h:1598:46: error: no matching function for call to 'NanAssignPersistent(v8::Persistent<v8::Object>&, v8::Local<v8::Object>&)'
../node_modules/nan/nan.h:1598:46: note: candidates are:
../node_modules/nan/nan.h:505:19: note: template<class T> void NanAssignPersistent(v8::Persistent<T, v8::NonCopyablePersistentTraits<T> >&, int)
../node_modules/nan/nan.h:512:19: note: template<class T> void NanAssignPersistent(v8::Persistent<T, v8::NonCopyablePersistentTraits<T> >&, const v8::Persistent<T, v8::NonCopyablePersistentTraits<T> >&)
../node_modules/nan/nan.h: In member function 'virtual void NanAsyncWorker::HandleOKCallback()':
../node_modules/nan/nan.h:1648:15: error: 'class NanCallback' has no member named 'Call'
../node_modules/nan/nan.h: In member function 'virtual void NanAsyncWorker::HandleErrorCallback()':
../node_modules/nan/nan.h:1657:15: error: 'class NanCallback' has no member named 'Call'
../node_modules/nan/nan.h: At global scope:
../node_modules/nan/nan.h:1957:5: error: 'Handle' is not a member of 'v8'
../node_modules/nan/nan.h:1957:25: error: expected primary-expression before '>' token
../node_modules/nan/nan.h:1957:27: error: 'val' was not declared in this scope
../node_modules/nan/nan.h:1958:5: error: expected primary-expression before 'const'
../node_modules/nan/nan.h:1959:11: error: expected primary-expression before '*' token
../node_modules/nan/nan.h:1959:13: error: 'len' was not declared in this scope
../node_modules/nan/nan.h:1960:1: error: expression list treated as compound expression in initializer [-fpermissive]
../node_modules/nan/nan.h:1960:3: error: expected ',' or ';' before '{' token
../node_modules/nan/nan.h:1956:13: warning: '_NanGetExternalParts' defined but not used [-Wunused-variable]
make: *** [Release/obj.target/bson/ext/bson.o] Error 1
gyp ERR! build error 
gyp ERR! stack Error: `make` failed with exit code: 2
gyp ERR! stack     at ChildProcess.onExit (/usr/lib/node_modules/npm/node_modules/node-gyp/lib/build.js:270:23)
gyp ERR! stack     at emitTwo (events.js:87:13)
gyp ERR! stack     at ChildProcess.emit (events.js:172:7)
gyp ERR! stack     at Process.ChildProcess._handle.onexit (internal/child_process.js:200:12)
gyp ERR! System Linux 3.2.0-23-generic
gyp ERR! command "/usr/bin/nodejs" "/usr/lib/node_modules/npm/node_modules/node-gyp/bin/node-gyp.js" "rebuild"
gyp ERR! cwd /home/vagrant/masteringMean/mmImplementingHorizontal/node_modules/mongoose/node_modules/mongodb/node_modules/bson
gyp ERR! node -v v4.2.3
gyp ERR! node-gyp -v v3.0.3
gyp ERR! not ok 
